Arguments: 
  C:\Program Files\nodejs\node.exe C:\Users\jubelyn\AppData\Roaming\npm\node_modules\yarn\bin\yarn.js add global expo-cli

PATH: 
  C:\Windows\system32;C:\Windows;C:\Windows\System32\Wbem;C:\Windows\System32\WindowsPowerShell\v1.0\;C:\Windows\System32\OpenSSH\;C:\Program Files\nodejs\;C:\Users\jubelyn\AppData\Local\Microsoft\WindowsApps;;C:\Users\jubelyn\AppData\Local\Programs\Microsoft VS Code\bin;C:\Users\jubelyn\AppData\Roaming\npm

Yarn version: 
  1.22.4

Node version: 
  12.16.3

Platform: 
  win32 x64

Trace: 
  Error: https://registry.yarnpkg.com/rxjs/-/rxjs-5.5.12.tgz: ESOCKETTIMEDOUT
      at ClientRequest.<anonymous> (C:\Users\jubelyn\AppData\Roaming\npm\node_modules\yarn\lib\cli.js:141375:19)
      at Object.onceWrapper (events.js:416:28)
      at ClientRequest.emit (events.js:310:20)
      at TLSSocket.emitRequestTimeout (_http_client.js:709:9)
      at Object.onceWrapper (events.js:416:28)
      at TLSSocket.emit (events.js:322:22)
      at TLSSocket.Socket._onTimeout (net.js:479:8)
      at listOnTimeout (internal/timers.js:549:17)
      at processTimers (internal/timers.js:492:7)

npm manifest: 
  {
    "name": "com.example.myapp",
    "version": "1.0.0",
    "displayName": "my-app",
    "cordova": {
      "platforms": [
        "android",
        "browser"
      ],
      "plugins": {
        "cordova-plugin-battery-status": {},
        "cordova-plugin-camera": {},
        "cordova-plugin-media-capture": {},
        "cordova-plugin-device": {},
        "cordova-plugin-dialogs": {},
        "cordova-plugin-file": {},
        "cordova-plugin-geolocation": {},
        "cordova-plugin-globalization": {},
        "cordova-plugin-inappbrowser": {},
        "cordova-plugin-network-information": {},
        "cordova-plugin-vibration": {}
      }
    },
    "dependencies": {
      "cordova-android": "~7.1.4",
      "cordova-browser": "^5.0.4",
      "cordova-plugin-battery-status": "~1.2.4",
      "cordova-plugin-camera": "~2.4.1",
      "cordova-plugin-device": "~1.1.6",
      "cordova-plugin-dialogs": "~1.3.3",
      "cordova-plugin-file": "~4.3.3",
      "cordova-plugin-geolocation": "~2.4.3",
      "cordova-plugin-globalization": "~1.0.7",
      "cordova-plugin-inappbrowser": "~1.7.1",
      "cordova-plugin-media-capture": "~1.4.3",
      "cordova-plugin-network-information": "~1.3.3",
      "cordova-plugin-vibration": "~2.1.5",
      "yarn": "^1.22.4"
    }
  }

yarn manifest: 
  No manifest

Lockfile: 
  No lockfile
